Build started 3/30/2014 7:08:41 PM.
     1>Project "R:\HocTap\HocKy6\DesignGame\cocos2D-x\cocos2d-x-2.2.2\projects\FlapyBird\proj.win32\HelloCpp.vcxproj" on node 2 (Build target(s)).
     1>ClCompile:
         C:\Program Files (x86)\Microsoft Visual Studio 11.0\VC\bin\CL.exe /c /I"R:\HocTap\HocKy6\DesignGame\cocos2D-x\cocos2d-x-2.2.2\projects\FlapyBird\proj.win32\..\..\..\cocos2dx" /I"R:\HocTap\HocKy6\DesignGame\cocos2D-x\cocos2d-x-2.2.2\projects\FlapyBird\proj.win32\..\..\..\cocos2dx\include" /I"R:\HocTap\HocKy6\DesignGame\cocos2D-x\cocos2d-x-2.2.2\projects\FlapyBird\proj.win32\..\..\..\cocos2dx\kazmath\include" /I"R:\HocTap\HocKy6\DesignGame\cocos2D-x\cocos2d-x-2.2.2\projects\FlapyBird\proj.win32\..\..\..\cocos2dx\platform\win32" /I"R:\HocTap\HocKy6\DesignGame\cocos2D-x\cocos2d-x-2.2.2\projects\FlapyBird\proj.win32\..\..\..\cocos2dx\platform\third_party\win32" /I"R:\HocTap\HocKy6\DesignGame\cocos2D-x\cocos2d-x-2.2.2\projects\FlapyBird\proj.win32\..\..\..\cocos2dx\platform\third_party\win32\OGLES" /I"R:\HocTap\HocKy6\DesignGame\cocos2D-x\cocos2d-x-2.2.2\projects\FlapyBird\proj.win32\..\..\..\external" /I"R:\HocTap\HocKy6\DesignGame\cocos2D-x\cocos2d-x-2.2.2\projects\FlapyBird\proj.win32\..\..\..\external\chipmunk\include\chipmunk" /I"R:\HocTap\HocKy6\DesignGame\cocos2D-x\cocos2d-x-2.2.2\projects\FlapyBird\proj.win32\..\..\..\CocosDenshion\include" /I"R:\HocTap\HocKy6\DesignGame\cocos2D-x\cocos2d-x-2.2.2\projects\FlapyBird\proj.win32\..\..\..\extensions" /I..\Classes /I.. /ZI /nologo /W3 /WX- /Od /Oy- /D WIN32 /D _DEBUG /D _WINDOWS /D _USE_MATH_DEFINES /D GL_GLEXT_PROTOTYPES /D CC_ENABLE_CHIPMUNK_INTEGRATION=1 /D COCOS2D_DEBUG=1 /D _CRT_SECURE_NO_WARNINGS /D _SCL_SECURE_NO_WARNINGS /D _USING_V110_SDK71_ /D _UNICODE /D UNICODE /Gm /EHsc /RTC1 /MDd /GS /fp:precise /Zc:wchar_t /Zc:forScope /Fo"Debug.win32\\" /Fd"Debug.win32\vc110.pdb" /Gd /TP /wd4267 /wd4251 /wd4244 /analyze- /errorReport:prompt ..\Classes\Bird.cpp
         Bird.cpp
       PreLinkEvent:
         if not exist "R:\HocTap\HocKy6\DesignGame\cocos2D-x\cocos2d-x-2.2.2\projects\FlapyBird\proj.win32\Debug.win32\" mkdir "R:\HocTap\HocKy6\DesignGame\cocos2D-x\cocos2d-x-2.2.2\projects\FlapyBird\proj.win32\Debug.win32\"
         xcopy /Y /Q "R:\HocTap\HocKy6\DesignGame\cocos2D-x\cocos2d-x-2.2.2\projects\FlapyBird\proj.win32\..\..\..\external\libwebsockets\win32\lib\*.*" "R:\HocTap\HocKy6\DesignGame\cocos2D-x\cocos2d-x-2.2.2\projects\FlapyBird\proj.win32\Debug.win32\"
         :VCEnd
         2 File(s) copied
       Link:
         C:\Program Files (x86)\Microsoft Visual Studio 11.0\VC\bin\link.exe /ERRORREPORT:PROMPT /OUT:"R:\HocTap\HocKy6\DesignGame\cocos2D-x\cocos2d-x-2.2.2\projects\FlapyBird\proj.win32\Debug.win32\HelloCpp.exe" /INCREMENTAL /NOLOGO /LIBPATH:"R:\HocTap\HocKy6\DesignGame\cocos2D-x\cocos2d-x-2.2.2\projects\FlapyBird\proj.win32\Debug.win32\\" libExtensions.lib libcocos2d.lib libCocosDenshion.lib opengl32.lib glew32.lib libBox2d.lib libchipmunk.lib libcurl_imp.lib pthreadVCE2.lib websockets.lib kernel32.lib user32.lib gdi32.lib winspool.lib comdlg32.lib advapi32.lib shell32.lib ole32.lib oleaut32.lib uuid.lib odbc32.lib odbccp32.lib /MANIFEST /MANIFESTUAC:"level='asInvoker' uiAccess='false'" /manifest:embed /DEBUG /PDB:"R:\HocTap\HocKy6\DesignGame\cocos2D-x\cocos2d-x-2.2.2\projects\FlapyBird\proj.win32\Debug.win32\HelloCpp.pdb" /SUBSYSTEM:WINDOWS,"5.01" /TLBID:1 /DYNAMICBASE /NXCOMPAT /IMPLIB:"R:\HocTap\HocKy6\DesignGame\cocos2D-x\cocos2d-x-2.2.2\projects\FlapyBird\proj.win32\Debug.win32\HelloCpp.lib" /MACHINE:X86 /SAFESEH Debug.win32\AppDelegate.obj
         Debug.win32\Bird.obj
         Debug.win32\GameScene.obj
         Debug.win32\HelloWorldScene.obj
         Debug.win32\Pipe.obj
         Debug.win32\main.obj
         "R:\HocTap\HocKy6\DesignGame\cocos2D-x\cocos2d-x-2.2.2\projects\FlapyBird\proj.win32\Debug.win32\libcocos2d.lib"
         "R:\HocTap\HocKy6\DesignGame\cocos2D-x\cocos2d-x-2.2.2\projects\FlapyBird\proj.win32\Debug.win32\libCocosDenshion.lib"
         "R:\HocTap\HocKy6\DesignGame\cocos2D-x\cocos2d-x-2.2.2\projects\FlapyBird\proj.win32\Debug.win32\libExtensions.lib"
         "R:\HocTap\HocKy6\DesignGame\cocos2D-x\cocos2d-x-2.2.2\projects\FlapyBird\proj.win32\Debug.win32\libBox2D.lib"
         "R:\HocTap\HocKy6\DesignGame\cocos2D-x\cocos2d-x-2.2.2\projects\FlapyBird\proj.win32\Debug.win32\libchipmunk.lib"
         HelloCpp.vcxproj -> R:\HocTap\HocKy6\DesignGame\cocos2D-x\cocos2d-x-2.2.2\projects\FlapyBird\proj.win32\Debug.win32\HelloCpp.exe
     1>Done Building Project "R:\HocTap\HocKy6\DesignGame\cocos2D-x\cocos2d-x-2.2.2\projects\FlapyBird\proj.win32\HelloCpp.vcxproj" (Build target(s)).

Build succeeded.

Time Elapsed 00:00:11.44
